<?xml version="1.0" encoding="UTF-8"?>
<testsuite xmlns:xsi="http://www.w3.org/2001/XMLSchema-instance" xsi:noNamespaceSchemaLocation="https://maven.apache.org/surefire/maven-surefire-plugin/xsd/surefire-test-report-3.0.xsd" version="3.0" name="unit.service.BookServiceImplTest" time="2.669" tests="1" errors="0" skipped="0" failures="0">
  <properties>
[...]
</properties>
  <testcase name="mustSaveBookToCatalogWhenBookIsNew" classname="unit.service.BookServiceImplTest" time="2.572">
    <system-out><![CDATA[The book 'TestingBook' has been added to catalog and stock!
]]></system-out>
  </testcase>
</testsuite>